<?xml version="1.0" encoding="UTF-8"?>
<!-- Generated by org.testng.reporters.JUnitReportReporter -->
<testsuite hostname="km44-Server" failures="0" tests="1" name="EmarasTest" time="8.244" errors="0" timestamp="2022-08-18T16:47:31 ART" skipped="0">
  <testcase classname="EmarasTest" name="feature" time="8.244"/>
</testsuite> <!-- EmarasTest -->
