<?xml version="1.0" encoding="UTF-8"?>
<!-- Generated by org.testng.reporters.JUnitReportReporter -->
<testsuite hostname="km44-Server" failures="0" tests="1" name="EmarasTest" time="16.888" errors="0" timestamp="2022-08-22T12:48:47 ART" skipped="0">
  <testcase classname="EmarasTest" name="feature" time="16.888"/>
</testsuite> <!-- EmarasTest -->
